<?xml version="1.0" encoding="utf-8"?><testsuites name="pytest tests"><testsuite name="pytest" errors="0" failures="0" skipped="0" tests="14" time="2.413" timestamp="2026-07-29T18:44:26.113294+00:00" hostname="agent-env-9d3a59a6-ff99-4f30-a573-20bae10a9620"><testcase classname="tests.backend_test" name="test_get_config" time="0.231" /><testcase classname="tests.backend_test" name="test_root" time="0.054" /><testcase classname="tests.backend_test" name="test_create_inquiry_valid" time="0.050" /><testcase classname="tests.backend_test" name="test_create_inquiry_invalid_email" time="0.086" /><testcase classname="tests.backend_test" name="test_create_inquiry_missing_message" time="0.044" /><testcase classname="tests.backend_test" name="test_create_inquiry_minimal" time="0.047" /><testcase classname="tests.backend_test" name="test_login_wrong_password" time="0.275" /><testcase classname="tests.backend_test" name="test_login_success_returns_user" time="0.271" /><testcase classname="tests.backend_test" name="test_me_requires_auth" time="0.054" /><testcase classname="tests.backend_test" name="test_me_with_token" time="0.466" /><testcase classname="tests.backend_test" name="test_list_inquiries_unauth" time="0.045" /><testcase classname="tests.backend_test" name="test_list_inquiries_authed" time="0.186" /><testcase classname="tests.backend_test" name="test_inquiries_stats" time="0.123" /><testcase classname="tests.backend_test" name="test_stats_unauth" time="0.135" /></testsuite></testsuites>