<?xml version="1.0" encoding="utf-8"?><testsuites name="pytest tests"><testsuite name="pytest" errors="0" failures="0" skipped="0" tests="6" time="1.046" timestamp="2026-07-12T23:46:35.328569+00:00" hostname="agent-env-9d3a59a6-ff99-4f30-a573-20bae10a9620"><testcase classname="tests.backend_test" name="test_root" time="0.288" /><testcase classname="tests.backend_test" name="test_create_inquiry_valid" time="0.064" /><testcase classname="tests.backend_test" name="test_create_inquiry_invalid_email" time="0.053" /><testcase classname="tests.backend_test" name="test_create_inquiry_missing_message" time="0.052" /><testcase classname="tests.backend_test" name="test_list_inquiries" time="0.051" /><testcase classname="tests.backend_test" name="test_create_inquiry_minimal" time="0.060" /></testsuite></testsuites>